<?xml version="1.0" encoding="UTF-8"?>
<!-- Generated by org.testng.reporters.JUnitReportReporter -->
<testsuite skipped="0" hostname="mac.local" name="Tests.LaunchApp" tests="1" failures="0" timestamp="18 Dec 2018 05:33:34 GMT" time="24.373" errors="0">
  <testcase name="LaunchApp" time="24.373" classname="Tests.LaunchApp"/>
</testsuite> <!-- Tests.LaunchApp -->
